\BOOKMARK [1][-]{section.1}{2d Laminar Jet:}{}% 1
\BOOKMARK [2][-]{subsection.1.1}{Laminar Jet - Scaling}{section.1}% 2
\BOOKMARK [2][-]{subsection.1.2}{Laminar Jet - Conservation of momentum flux}{section.1}% 3
\BOOKMARK [2][-]{subsection.1.3}{Laminar Jet - Similarity Solution:}{section.1}% 4
\BOOKMARK [1][-]{section.2}{Quasi-Geostrophic \(QG\) Vorticity Equation, Ekman Boundary Layer \(BL\) in the -Plane:}{}% 5
\BOOKMARK [2][-]{subsection.2.1}{The -Plane:}{section.2}% 6
\BOOKMARK [2][-]{subsection.2.2}{Governing Equations:}{section.2}% 7
\BOOKMARK [2][-]{subsection.2.3}{``Outer'' Interior Solution:}{section.2}% 8
\BOOKMARK [2][-]{subsection.2.4}{``Inner'' Solution at the Upper Free Surface:}{section.2}% 9
\BOOKMARK [3][-]{subsubsection.2.4.1}{Homogeneous Solution:}{subsection.2.4}% 10
\BOOKMARK [3][-]{subsubsection.2.4.2}{Inomogeneous Solution:}{subsection.2.4}% 11
\BOOKMARK [3][-]{subsubsection.2.4.3}{Matching: Inner\(Outer\) = Outer\(Inner\)}{subsection.2.4}% 12
\BOOKMARK [3][-]{subsubsection.2.4.4}{w1 at the Upper Layer:}{subsection.2.4}% 13
\BOOKMARK [2][-]{subsection.2.5}{``Inner'' Solution at the Bottom:}{section.2}% 14
\BOOKMARK [3][-]{subsubsection.2.5.1}{Homogeneous Solution:}{subsection.2.5}% 15
\BOOKMARK [3][-]{subsubsection.2.5.2}{Inhomogeneous Solution:}{subsection.2.5}% 16
\BOOKMARK [3][-]{subsubsection.2.5.3}{Applying No-slip and Matching:}{subsection.2.5}% 17
\BOOKMARK [2][-]{subsection.2.6}{Quasi-Geostrophic Vorticity Equation:}{section.2}% 18
\BOOKMARK [1][-]{section.3}{Tea-Cup Physics:}{}% 19
\BOOKMARK [2][-]{subsection.3.1}{Na\357ve Estimate of the Spin-Down Time:}{section.3}% 20
